{
  "RSpec": {
    "coverage": {
      "/Users/apprentice/Desktop/Jury/app/controllers/application_controller.rb": [
        1,
        1,
        null,
        null,
        1,
        null,
        1,
        0,
        null,
        null,
        null
      ],
      "/Users/apprentice/Desktop/Jury/app/controllers/ballots_controller.rb": [
        1,
        null,
        1,
        null,
        1,
        0,
        0,
        0,
        null,
        0,
        null,
        0,
        null,
        null,
        null
      ],
      "/Users/apprentice/Desktop/Jury/app/models/ballot.rb": [
        1,
        1,
        1,
        1,
        1,
        1,
        null,
        null
      ],
      "/Users/apprentice/Desktop/Jury/app/controllers/cases_controller.rb": [
        1,
        null,
        1,
        0,
        0,
        null,
        0,
        0,
        0,
        0,
        null,
        null,
        null,
        1,
        null,
        1,
        1,
        null,
        null,
        1,
        1,
        null,
        0,
        null,
        null,
        1,
        1,
        1,
        1,
        1,
        null,
        0,
        0,
        0,
        0,
        null,
        null,
        null,
        null,
        null,
        null
      ],
      "/Users/apprentice/Desktop/Jury/app/models/case.rb": [
        1,
        1,
        1,
        1,
        1,
        1,
        null,
        null
      ],
      "/Users/apprentice/Desktop/Jury/app/controllers/comments_controller.rb": [
        1,
        null,
        1,
        0,
        0,
        0,
        null,
        0,
        null,
        null,
        null,
        null
      ],
      "/Users/apprentice/Desktop/Jury/app/models/comment.rb": [
        1,
        1,
        1,
        1,
        1,
        null
      ],
      "/Users/apprentice/Desktop/Jury/app/controllers/evidences_controller.rb": [
        1,
        null,
        1,
        0,
        null,
        null,
        1,
        null,
        null,
        0,
        0,
        0,
        null,
        0,
        0,
        0,
        null,
        0,
        null,
        null,
        null,
        null,
        null
      ],
      "/Users/apprentice/Desktop/Jury/app/models/evidence.rb": [
        1,
        1,
        null,
        1,
        null,
        null
      ],
      "/Users/apprentice/Desktop/Jury/app/controllers/google_controller.rb": [
        1,
        1,
        null,
        0,
        null,
        0,
        0,
        null,
        0,
        null,
        null,
        0,
        0,
        null,
        0,
        null,
        null,
        null,
        null,
        null,
        1,
        null,
        0,
        0,
        0,
        null,
        null,
        0,
        null,
        0,
        null,
        null,
        null,
        null,
        null,
        null
      ],
      "/Users/apprentice/Desktop/Jury/app/controllers/pages_controller.rb": [
        1,
        null,
        1,
        0,
        null,
        null,
        1,
        1,
        0,
        0,
        0,
        null,
        1,
        1,
        null,
        null,
        null
      ],
      "/Users/apprentice/Desktop/Jury/app/controllers/sessions_controller.rb": [
        1,
        null,
        1,
        1,
        1,
        0,
        0,
        0,
        null,
        0,
        null,
        null,
        1,
        null,
        null,
        null,
        1,
        0,
        0,
        null,
        null,
        1,
        1,
        null,
        null,
        null
      ],
      "/Users/apprentice/Desktop/Jury/app/controllers/users_controller.rb": [
        1,
        null,
        1,
        2,
        null,
        null,
        2,
        2,
        2,
        2,
        null,
        null,
        null,
        null,
        null,
        null
      ],
      "/Users/apprentice/Desktop/Jury/app/models/user.rb": [
        1,
        null,
        1,
        1,
        null,
        1,
        1,
        null,
        1,
        null,
        null,
        null,
        1,
        null,
        1,
        0,
        null,
        null,
        1,
        2,
        2,
        null,
        null,
        null,
        1,
        0,
        0,
        0,
        0,
        0,
        0,
        0,
        null,
        null,
        null,
        null,
        null
      ],
      "/Users/apprentice/Desktop/Jury/app/controllers/votes_controller.rb": [
        1,
        null,
        null,
        1,
        0,
        0,
        0,
        0,
        null,
        null
      ],
      "/Users/apprentice/Desktop/Jury/app/models/vote.rb": [
        1,
        1,
        1,
        1,
        1,
        1,
        1,
        1,
        null,
        null
      ],
      "/Users/apprentice/Desktop/Jury/app/models/cases_user.rb": [
        1,
        1,
        1,
        1,
        1,
        1,
        null,
        1,
        0,
        null,
        null,
        null,
        null
      ]
    },
    "timestamp": 1404951964
  }
}
